<?xml version="1.0" encoding="UTF-8" ?>
<testsuite failures="1" time="4.375" errors="0" skipped="0" tests="1" name="com.cloudera.kitten.TestKittenDistributedShell">
  <properties>
[...]
</properties>
  <testcase time="4.375" classname="com.cloudera.kitten.TestKittenDistributedShell" name="testKittenShell">
    <failure message="expected:&lt;0&gt; but was:&lt;1&gt;" type="java.lang.AssertionError">java.lang.AssertionError: expected:&lt;0&gt; but was:&lt;1&gt;
	at org.junit.Assert.fail(Assert.java:91)
	at org.junit.Assert.failNotEquals(Assert.java:645)
	at org.junit.Assert.assertEquals(Assert.java:126)
	at org.junit.Assert.assertEquals(Assert.java:470)
	at org.junit.Assert.assertEquals(Assert.java:454)
	at com.cloudera.kitten.TestKittenDistributedShell.testKittenShell(TestKittenDistributedShell.java:88)
	at sun.reflect.NativeMethodAccessorImpl.invoke0(Native Method)
	at sun.reflect.NativeMethodAccessorImpl.invoke(NativeMethodAccessorImpl.java:57)
	at sun.reflect.DelegatingMethodAccessorImpl.invoke(DelegatingMethodAccessorImpl.java:43)
	at java.lang.reflect.Method.invoke(Method.java:606)
	at org.junit.runners.model.FrameworkMethod$1.runReflectiveCall(FrameworkMethod.java:44)
	at org.junit.internal.runners.model.ReflectiveCallable.run(ReflectiveCallable.java:15)
	at org.junit.runners.model.FrameworkMethod.invokeExplosively(FrameworkMethod.java:41)
	at org.junit.internal.runners.statements.InvokeMethod.evaluate(InvokeMethod.java:20)
	at org.junit.runners.BlockJUnit4ClassRunner.runNotIgnored(BlockJUnit4ClassRunner.java:79)
	at org.junit.runners.BlockJUnit4ClassRunner.runChild(BlockJUnit4ClassRunner.java:71)
	at org.junit.runners.BlockJUnit4ClassRunner.runChild(BlockJUnit4ClassRunner.java:49)
	at org.junit.runners.ParentRunner$3.run(ParentRunner.java:193)
	at org.junit.runners.ParentRunner$1.schedule(ParentRunner.java:52)
	at org.junit.runners.ParentRunner.runChildren(ParentRunner.java:191)
	at org.junit.runners.ParentRunner.access$000(ParentRunner.java:42)
	at org.junit.runners.ParentRunner$2.evaluate(ParentRunner.java:184)
	at org.junit.internal.runners.statements.RunBefores.evaluate(RunBefores.java:28)
	at org.junit.internal.runners.statements.RunAfters.evaluate(RunAfters.java:31)
	at org.junit.runners.ParentRunner.run(ParentRunner.java:236)
	at org.apache.maven.surefire.junit4.JUnit4Provider.execute(JUnit4Provider.java:252)
	at org.apache.maven.surefire.junit4.JUnit4Provider.executeTestSet(JUnit4Provider.java:141)
	at org.apache.maven.surefire.junit4.JUnit4Provider.invoke(JUnit4Provider.java:112)
	at sun.reflect.NativeMethodAccessorImpl.invoke0(Native Method)
	at sun.reflect.NativeMethodAccessorImpl.invoke(NativeMethodAccessorImpl.java:57)
	at sun.reflect.DelegatingMethodAccessorImpl.invoke(DelegatingMethodAccessorImpl.java:43)
	at java.lang.reflect.Method.invoke(Method.java:606)
	at org.apache.maven.surefire.util.ReflectionUtils.invokeMethodWithArray(ReflectionUtils.java:189)
	at org.apache.maven.surefire.booter.ProviderFactory$ProviderProxy.invoke(ProviderFactory.java:165)
	at org.apache.maven.surefire.booter.ProviderFactory.invokeProvider(ProviderFactory.java:85)
	at org.apache.maven.surefire.booter.ForkedBooter.runSuitesInProcess(ForkedBooter.java:115)
	at org.apache.maven.surefire.booter.ForkedBooter.main(ForkedBooter.java:75)
</failure>
    <system-out>206  [main] INFO  com.cloudera.kitten.TestKittenDistributedShell  - Starting up YARN cluster
703  [main] WARN  org.apache.hadoop.metrics2.impl.MetricsConfig  - Cannot locate configuration: tried hadoop-metrics2-resourcemanager.properties,hadoop-metrics2.properties
Running...
5848 [pool-7-thread-1] INFO  com.cloudera.kitten.client.service.YarnClientServiceImpl  - Submitting application to the applications manager
5885 [IPC Server handler 1 on 52095] WARN  org.apache.hadoop.yarn.server.resourcemanager.rmapp.RMAppImpl  - The specific max attempts: 0 for application: 1 is invalid, because it is out of the range [1, 2]. Use the global max attempts instead.
7158 [ContainersLauncher #0] WARN  org.apache.hadoop.yarn.server.nodemanager.DefaultContainerExecutor  - Exit code from container container_1426153386643_0001_01_000001 is : 127
7159 [ContainersLauncher #0] WARN  org.apache.hadoop.yarn.server.nodemanager.DefaultContainerExecutor  - Exception from container-launch with container ID: container_1426153386643_0001_01_000001 and exit code: 127
org.apache.hadoop.util.Shell$ExitCodeException: /bin/bash: ./tmp/script_7537047035134764399.sh: No such file or directory

	at org.apache.hadoop.util.Shell.runCommand(Shell.java:464)
	at org.apache.hadoop.util.Shell.run(Shell.java:379)
	at org.apache.hadoop.util.Shell$ShellCommandExecutor.execute(Shell.java:589)
	at org.apache.hadoop.yarn.server.nodemanager.DefaultContainerExecutor.launchContainer(DefaultContainerExecutor.java:195)
	at org.apache.hadoop.yarn.server.nodemanager.containermanager.launcher.ContainerLaunch.call(ContainerLaunch.java:283)
	at org.apache.hadoop.yarn.server.nodemanager.containermanager.launcher.ContainerLaunch.call(ContainerLaunch.java:79)
	at java.util.concurrent.FutureTask.run(FutureTask.java:262)
	at java.util.concurrent.ThreadPoolExecutor.runWorker(ThreadPoolExecutor.java:1145)
	at java.util.concurrent.ThreadPoolExecutor$Worker.run(ThreadPoolExecutor.java:615)
	at java.lang.Thread.run(Thread.java:745)
7161 [ContainersLauncher #0] WARN  org.apache.hadoop.yarn.server.nodemanager.containermanager.launcher.ContainerLaunch  - Container exited with a non-zero exit code 127
7176 [AsyncDispatcher event handler] WARN  org.apache.hadoop.yarn.server.nodemanager.NMAuditLogger  - USER=npapa	OPERATION=Container Finished - Failed	TARGET=ContainerImpl	RESULT=FAILURE	DESCRIPTION=Container failed with state: EXITED_WITH_FAILURE	APPID=application_1426153386643_0001	CONTAINERID=container_1426153386643_0001_01_000001
8856 [ContainersLauncher #0] WARN  org.apache.hadoop.yarn.server.nodemanager.DefaultContainerExecutor  - Exit code from container container_1426153386643_0001_02_000001 is : 127
8856 [ContainersLauncher #0] WARN  org.apache.hadoop.yarn.server.nodemanager.DefaultContainerExecutor  - Exception from container-launch with container ID: container_1426153386643_0001_02_000001 and exit code: 127
org.apache.hadoop.util.Shell$ExitCodeException: /bin/bash: ./tmp/script_7537047035134764399.sh: No such file or directory

	at org.apache.hadoop.util.Shell.runCommand(Shell.java:464)
	at org.apache.hadoop.util.Shell.run(Shell.java:379)
	at org.apache.hadoop.util.Shell$ShellCommandExecutor.execute(Shell.java:589)
	at org.apache.hadoop.yarn.server.nodemanager.DefaultContainerExecutor.launchContainer(DefaultContainerExecutor.java:195)
	at org.apache.hadoop.yarn.server.nodemanager.containermanager.launcher.ContainerLaunch.call(ContainerLaunch.java:283)
	at org.apache.hadoop.yarn.server.nodemanager.containermanager.launcher.ContainerLaunch.call(ContainerLaunch.java:79)
	at java.util.concurrent.FutureTask.run(FutureTask.java:262)
	at java.util.concurrent.ThreadPoolExecutor.runWorker(ThreadPoolExecutor.java:1145)
	at java.util.concurrent.ThreadPoolExecutor$Worker.run(ThreadPoolExecutor.java:615)
	at java.lang.Thread.run(Thread.java:745)
8857 [ContainersLauncher #0] WARN  org.apache.hadoop.yarn.server.nodemanager.containermanager.launcher.ContainerLaunch  - Container exited with a non-zero exit code 127
8867 [AsyncDispatcher event handler] WARN  org.apache.hadoop.yarn.server.nodemanager.NMAuditLogger  - USER=npapa	OPERATION=Container Finished - Failed	TARGET=ContainerImpl	RESULT=FAILURE	DESCRIPTION=Container failed with state: EXITED_WITH_FAILURE	APPID=application_1426153386643_0001	CONTAINERID=container_1426153386643_0001_02_000001
9761 [AsyncDispatcher event handler] WARN  org.apache.hadoop.yarn.server.resourcemanager.RMAuditLogger  - USER=npapa	OPERATION=Application Finished - Failed	TARGET=RMAppManager	RESULT=FAILURE	DESCRIPTION=App failed with state: FAILED	PERMISSIONS=Application application_1426153386643_0001 failed 2 times due to AM Container for appattempt_1426153386643_0001_000002 exited with  exitCode: 127 due to: Exception from container-launch: 
org.apache.hadoop.util.Shell$ExitCodeException: /bin/bash: ./tmp/script_7537047035134764399.sh: No such file or directory

	at org.apache.hadoop.util.Shell.runCommand(Shell.java:464)
	at org.apache.hadoop.util.Shell.run(Shell.java:379)
	at org.apache.hadoop.util.Shell$ShellCommandExecutor.execute(Shell.java:589)
	at org.apache.hadoop.yarn.server.nodemanager.DefaultContainerExecutor.launchContainer(DefaultContainerExecutor.java:195)
	at org.apache.hadoop.yarn.server.nodemanager.containermanager.launcher.ContainerLaunch.call(ContainerLaunch.java:283)
	at org.apache.hadoop.yarn.server.nodemanager.containermanager.launcher.ContainerLaunch.call(ContainerLaunch.java:79)
	at java.util.concurrent.FutureTask.run(FutureTask.java:262)
	at java.util.concurrent.ThreadPoolExecutor.runWorker(ThreadPoolExecutor.java:1145)
	at java.util.concurrent.ThreadPoolExecutor$Worker.run(ThreadPoolExecutor.java:615)
	at java.lang.Thread.run(Thread.java:745)


.Failing this attempt.. Failing the application.	APPID=application_1426153386643_0001
9914 [pool-7-thread-1] INFO  com.cloudera.kitten.client.service.YarnClientServiceImpl  - Application did not complete successfully. State = FAILED, FinalStatus = FAILED
9914 [pool-7-thread-1] INFO  com.cloudera.kitten.client.service.YarnClientServiceImpl  - Diagnostics = Application application_1426153386643_0001 failed 2 times due to AM Container for appattempt_1426153386643_0001_000002 exited with  exitCode: 127 due to: Exception from container-launch: 
org.apache.hadoop.util.Shell$ExitCodeException: /bin/bash: ./tmp/script_7537047035134764399.sh: No such file or directory

	at org.apache.hadoop.util.Shell.runCommand(Shell.java:464)
	at org.apache.hadoop.util.Shell.run(Shell.java:379)
	at org.apache.hadoop.util.Shell$ShellCommandExecutor.execute(Shell.java:589)
	at org.apache.hadoop.yarn.server.nodemanager.DefaultContainerExecutor.launchContainer(DefaultContainerExecutor.java:195)
	at org.apache.hadoop.yarn.server.nodemanager.containermanager.launcher.ContainerLaunch.call(ContainerLaunch.java:283)
	at org.apache.hadoop.yarn.server.nodemanager.containermanager.launcher.ContainerLaunch.call(ContainerLaunch.java:79)
	at java.util.concurrent.FutureTask.run(FutureTask.java:262)
	at java.util.concurrent.ThreadPoolExecutor.runWorker(ThreadPoolExecutor.java:1145)
	at java.util.concurrent.ThreadPoolExecutor$Worker.run(ThreadPoolExecutor.java:615)
	at java.lang.Thread.run(Thread.java:745)


.Failing this attempt.. Failing the application.
9920 [main] INFO  com.cloudera.kitten.client.KittenClient  - Checking final app report
</system-out>
    <system-err>Mar 12, 2015 11:43:09 AM com.sun.jersey.guice.spi.container.GuiceComponentProviderFactory register
INFO: Registering org.apache.hadoop.yarn.server.resourcemanager.webapp.JAXBContextResolver as a provider class
Mar 12, 2015 11:43:09 AM com.sun.jersey.guice.spi.container.GuiceComponentProviderFactory register
INFO: Registering org.apache.hadoop.yarn.server.resourcemanager.webapp.RMWebServices as a root resource class
Mar 12, 2015 11:43:09 AM com.sun.jersey.guice.spi.container.GuiceComponentProviderFactory register
INFO: Registering org.apache.hadoop.yarn.webapp.GenericExceptionHandler as a provider class
Mar 12, 2015 11:43:09 AM com.sun.jersey.server.impl.application.WebApplicationImpl _initiate
INFO: Initiating Jersey application, version &apos;Jersey: 1.9 09/02/2011 11:17 AM&apos;
Mar 12, 2015 11:43:09 AM com.sun.jersey.guice.spi.container.GuiceComponentProviderFactory getComponentProvider
INFO: Binding org.apache.hadoop.yarn.server.resourcemanager.webapp.JAXBContextResolver to GuiceManagedComponentProvider with the scope &quot;Singleton&quot;
Mar 12, 2015 11:43:09 AM com.sun.jersey.guice.spi.container.GuiceComponentProviderFactory getComponentProvider
INFO: Binding org.apache.hadoop.yarn.webapp.GenericExceptionHandler to GuiceManagedComponentProvider with the scope &quot;Singleton&quot;
Mar 12, 2015 11:43:09 AM com.sun.jersey.guice.spi.container.GuiceComponentProviderFactory getComponentProvider
INFO: Binding org.apache.hadoop.yarn.server.resourcemanager.webapp.RMWebServices to GuiceManagedComponentProvider with the scope &quot;Singleton&quot;
Mar 12, 2015 11:43:09 AM com.google.inject.servlet.GuiceFilter setPipeline
WARNING: Multiple Servlet injectors detected. This is a warning indicating that you have more than one GuiceFilter running in your web application. If this is deliberate, you may safely ignore this message. If this is NOT deliberate however, your application may not work as expected.
</system-err>
  </testcase>
</testsuite>